Grammar

    0 $accept: E $end

    1 E: S NL

    2 S: CHARA S CHARB
    3  | ε


Terminals, with rules where they appear

    $end (0) 0
    error (256)
    CHARA (258) 2
    CHARB (259) 2
    NL (260) 1


Nonterminals, with rules where they appear

    $accept (6)
        on left: 0
    E (7)
        on left: 1
        on right: 0
    S (8)
        on left: 2 3
        on right: 1 2


State 0

    0 $accept: • E $end

    CHARA  shift, and go to state 1

    $default  reduce using rule 3 (S)

    E  go to state 2
    S  go to state 3


State 1

    2 S: CHARA • S CHARB

    CHARA  shift, and go to state 1

    $default  reduce using rule 3 (S)

    S  go to state 4


State 2

    0 $accept: E • $end

    $end  shift, and go to state 5


State 3

    1 E: S • NL

    NL  shift, and go to state 6


State 4

    2 S: CHARA S • CHARB

    CHARB  shift, and go to state 7


State 5

    0 $accept: E $end •

    $default  accept


State 6

    1 E: S NL •

    $default  reduce using rule 1 (E)


State 7

    2 S: CHARA S CHARB •

    $default  reduce using rule 2 (S)
