Grammar

    0 $accept: S $end

    1 S: E NEWLINE

    2 E: E PLUS E
    3  | E MINUS E
    4  | INT


Terminals, with rules where they appear

    $end (0) 0
    error (256)
    PLUS (258) 2
    MINUS (259) 3
    NEWLINE (260) 1
    INT <num> (261) 4


Nonterminals, with rules where they appear

    $accept (7)
        on left: 0
    S (8)
        on left: 1
        on right: 0
    E <num> (9)
        on left: 2 3 4
        on right: 1 2 3


State 0

    0 $accept: • S $end

    INT  shift, and go to state 1

    S  go to state 2
    E  go to state 3


State 1

    4 E: INT •

    $default  reduce using rule 4 (E)


State 2

    0 $accept: S • $end

    $end  shift, and go to state 4


State 3

    1 S: E • NEWLINE
    2 E: E • PLUS E
    3  | E • MINUS E

    PLUS     shift, and go to state 5
    MINUS    shift, and go to state 6
    NEWLINE  shift, and go to state 7


State 4

    0 $accept: S $end •

    $default  accept


State 5

    2 E: E PLUS • E

    INT  shift, and go to state 1

    E  go to state 8


State 6

    3 E: E MINUS • E

    INT  shift, and go to state 1

    E  go to state 9


State 7

    1 S: E NEWLINE •

    $default  reduce using rule 1 (S)


State 8

    2 E: E • PLUS E
    2  | E PLUS E •
    3  | E • MINUS E

    $default  reduce using rule 2 (E)


State 9

    2 E: E • PLUS E
    3  | E • MINUS E
    3  | E MINUS E •

    $default  reduce using rule 3 (E)
