Grammar

    0 $accept: S $end

    1 S: E NEWLINE

    2 E: INT
    3  | LP E RP
    4  | E PLUS E
    5  | E MINUS E
    6  | E DIV E
    7  | E MUL E


Terminals, with rules where they appear

    $end (0) 0
    error (256)
    LP (258) 3
    RP (259) 3
    PLUS (260) 4
    MINUS (261) 5
    MUL (262) 7
    DIV (263) 6
    NEWLINE (264) 1
    INT <num> (265) 2


Nonterminals, with rules where they appear

    $accept (11)
        on left: 0
    S (12)
        on left: 1
        on right: 0
    E <num> (13)
        on left: 2 3 4 5 6 7
        on right: 1 3 4 5 6 7


State 0

    0 $accept: • S $end

    LP   shift, and go to state 1
    INT  shift, and go to state 2

    S  go to state 3
    E  go to state 4


State 1

    3 E: LP • E RP

    LP   shift, and go to state 1
    INT  shift, and go to state 2

    E  go to state 5


State 2

    2 E: INT •

    $default  reduce using rule 2 (E)


State 3

    0 $accept: S • $end

    $end  shift, and go to state 6


State 4

    1 S: E • NEWLINE
    4 E: E • PLUS E
    5  | E • MINUS E
    6  | E • DIV E
    7  | E • MUL E

    PLUS     shift, and go to state 7
    MINUS    shift, and go to state 8
    MUL      shift, and go to state 9
    DIV      shift, and go to state 10
    NEWLINE  shift, and go to state 11


State 5

    3 E: LP E • RP
    4  | E • PLUS E
    5  | E • MINUS E
    6  | E • DIV E
    7  | E • MUL E

    RP     shift, and go to state 12
    PLUS   shift, and go to state 7
    MINUS  shift, and go to state 8
    MUL    shift, and go to state 9
    DIV    shift, and go to state 10


State 6

    0 $accept: S $end •

    $default  accept


State 7

    4 E: E PLUS • E

    LP   shift, and go to state 1
    INT  shift, and go to state 2

    E  go to state 13


State 8

    5 E: E MINUS • E

    LP   shift, and go to state 1
    INT  shift, and go to state 2

    E  go to state 14


State 9

    7 E: E MUL • E

    LP   shift, and go to state 1
    INT  shift, and go to state 2

    E  go to state 15


State 10

    6 E: E DIV • E

    LP   shift, and go to state 1
    INT  shift, and go to state 2

    E  go to state 16


State 11

    1 S: E NEWLINE •

    $default  reduce using rule 1 (S)


State 12

    3 E: LP E RP •

    $default  reduce using rule 3 (E)


State 13

    4 E: E • PLUS E
    4  | E PLUS E •
    5  | E • MINUS E
    6  | E • DIV E
    7  | E • MUL E

    MUL  shift, and go to state 9
    DIV  shift, and go to state 10

    $default  reduce using rule 4 (E)


State 14

    4 E: E • PLUS E
    5  | E • MINUS E
    5  | E MINUS E •
    6  | E • DIV E
    7  | E • MUL E

    MUL  shift, and go to state 9
    DIV  shift, and go to state 10

    $default  reduce using rule 5 (E)


State 15

    4 E: E • PLUS E
    5  | E • MINUS E
    6  | E • DIV E
    7  | E • MUL E
    7  | E MUL E •

    $default  reduce using rule 7 (E)


State 16

    4 E: E • PLUS E
    5  | E • MINUS E
    6  | E • DIV E
    6  | E DIV E •
    7  | E • MUL E

    $default  reduce using rule 6 (E)
