Grammar

    0 $accept: S $end

    1 S: E NL

    2 E: INT
    3  | LP E RP
    4  | MINUS E
    5  | E POW E
    6  | E PLUS E
    7  | E MINUS E
    8  | E DIV E
    9  | E MUL E


Terminals, with rules where they appear

    $end (0) 0
    error (256)
    NL (258) 1
    INT <num> (259) 2
    PLUS (260) 6
    MINUS (261) 4 7
    MUL (262) 9
    DIV (263) 8
    LP (264) 3
    RP (265) 3
    POW (266) 5
    UMINUS (267)


Nonterminals, with rules where they appear

    $accept (13)
        on left: 0
    S (14)
        on left: 1
        on right: 0
    E <num> (15)
        on left: 2 3 4 5 6 7 8 9
        on right: 1 3 4 5 6 7 8 9


State 0

    0 $accept: • S $end

    INT    shift, and go to state 1
    MINUS  shift, and go to state 2
    LP     shift, and go to state 3

    S  go to state 4
    E  go to state 5


State 1

    2 E: INT •

    $default  reduce using rule 2 (E)


State 2

    4 E: MINUS • E

    INT    shift, and go to state 1
    MINUS  shift, and go to state 2
    LP     shift, and go to state 3

    E  go to state 6


State 3

    3 E: LP • E RP

    INT    shift, and go to state 1
    MINUS  shift, and go to state 2
    LP     shift, and go to state 3

    E  go to state 7


State 4

    0 $accept: S • $end

    $end  shift, and go to state 8


State 5

    1 S: E • NL
    5 E: E • POW E
    6  | E • PLUS E
    7  | E • MINUS E
    8  | E • DIV E
    9  | E • MUL E

    NL     shift, and go to state 9
    PLUS   shift, and go to state 10
    MINUS  shift, and go to state 11
    MUL    shift, and go to state 12
    DIV    shift, and go to state 13
    POW    shift, and go to state 14


State 6

    4 E: MINUS E •
    5  | E • POW E
    6  | E • PLUS E
    7  | E • MINUS E
    8  | E • DIV E
    9  | E • MUL E

    POW  shift, and go to state 14

    $default  reduce using rule 4 (E)


State 7

    3 E: LP E • RP
    5  | E • POW E
    6  | E • PLUS E
    7  | E • MINUS E
    8  | E • DIV E
    9  | E • MUL E

    PLUS   shift, and go to state 10
    MINUS  shift, and go to state 11
    MUL    shift, and go to state 12
    DIV    shift, and go to state 13
    RP     shift, and go to state 15
    POW    shift, and go to state 14


State 8

    0 $accept: S $end •

    $default  accept


State 9

    1 S: E NL •

    $default  reduce using rule 1 (S)


State 10

    6 E: E PLUS • E

    INT    shift, and go to state 1
    MINUS  shift, and go to state 2
    LP     shift, and go to state 3

    E  go to state 16


State 11

    7 E: E MINUS • E

    INT    shift, and go to state 1
    MINUS  shift, and go to state 2
    LP     shift, and go to state 3

    E  go to state 17


State 12

    9 E: E MUL • E

    INT    shift, and go to state 1
    MINUS  shift, and go to state 2
    LP     shift, and go to state 3

    E  go to state 18


State 13

    8 E: E DIV • E

    INT    shift, and go to state 1
    MINUS  shift, and go to state 2
    LP     shift, and go to state 3

    E  go to state 19


State 14

    5 E: E POW • E

    INT    shift, and go to state 1
    MINUS  shift, and go to state 2
    LP     shift, and go to state 3

    E  go to state 20


State 15

    3 E: LP E RP •

    $default  reduce using rule 3 (E)


State 16

    5 E: E • POW E
    6  | E • PLUS E
    6  | E PLUS E •
    7  | E • MINUS E
    8  | E • DIV E
    9  | E • MUL E

    MUL  shift, and go to state 12
    DIV  shift, and go to state 13
    POW  shift, and go to state 14

    $default  reduce using rule 6 (E)


State 17

    5 E: E • POW E
    6  | E • PLUS E
    7  | E • MINUS E
    7  | E MINUS E •
    8  | E • DIV E
    9  | E • MUL E

    MUL  shift, and go to state 12
    DIV  shift, and go to state 13
    POW  shift, and go to state 14

    $default  reduce using rule 7 (E)


State 18

    5 E: E • POW E
    6  | E • PLUS E
    7  | E • MINUS E
    8  | E • DIV E
    9  | E • MUL E
    9  | E MUL E •

    POW  shift, and go to state 14

    $default  reduce using rule 9 (E)


State 19

    5 E: E • POW E
    6  | E • PLUS E
    7  | E • MINUS E
    8  | E • DIV E
    8  | E DIV E •
    9  | E • MUL E

    POW  shift, and go to state 14

    $default  reduce using rule 8 (E)


State 20

    5 E: E • POW E
    5  | E POW E •
    6  | E • PLUS E
    7  | E • MINUS E
    8  | E • DIV E
    9  | E • MUL E

    POW  shift, and go to state 14

    $default  reduce using rule 5 (E)
